\BOOKMARK [0][-]{chapter.1}{Introduction}{}% 1
\BOOKMARK [0][-]{chapter.2}{Software Overview}{}% 2
\BOOKMARK [1][-]{section.2.1}{Must Have}{chapter.2}% 3
\BOOKMARK [1][-]{section.2.2}{Should Have}{chapter.2}% 4
\BOOKMARK [1][-]{section.2.3}{Additional Functionalities}{chapter.2}% 5
\BOOKMARK [0][-]{chapter.3}{Engineering Reflection}{}% 6
\BOOKMARK [1][-]{section.3.1}{Scrum}{chapter.3}% 7
\BOOKMARK [1][-]{section.3.2}{GitHub Pulls}{chapter.3}% 8
\BOOKMARK [1][-]{section.3.3}{Code Quality}{chapter.3}% 9
\BOOKMARK [1][-]{section.3.4}{SIG Feedback}{chapter.3}% 10
\BOOKMARK [0][-]{chapter.4}{Feature Description}{}% 11
\BOOKMARK [1][-]{section.4.1}{Import}{chapter.4}% 12
\BOOKMARK [2][-]{subsection.4.1.1}{XML}{section.4.1}% 13
\BOOKMARK [1][-]{section.4.2}{Analysis}{chapter.4}% 14
\BOOKMARK [2][-]{subsection.4.2.1}{The C's}{section.4.2}% 15
\BOOKMARK [2][-]{subsection.4.2.2}{Additional Analysis}{section.4.2}% 16
\BOOKMARK [1][-]{section.4.3}{Visualize}{chapter.4}% 17
\BOOKMARK [1][-]{section.4.4}{Export}{chapter.4}% 18
\BOOKMARK [0][-]{chapter.5}{Interaction Design}{}% 19
\BOOKMARK [1][-]{section.5.1}{Methods}{chapter.5}% 20
\BOOKMARK [1][-]{section.5.2}{General Persona}{chapter.5}% 21
\BOOKMARK [1][-]{section.5.3}{Evaluations}{chapter.5}% 22
\BOOKMARK [0][-]{chapter.6}{Product Evaluation}{}% 23
\BOOKMARK [1][-]{section.6.1}{Product}{chapter.6}% 24
\BOOKMARK [1][-]{section.6.2}{Modules}{chapter.6}% 25
\BOOKMARK [1][-]{section.6.3}{Failure Analysis}{chapter.6}% 26
\BOOKMARK [0][-]{chapter.7}{Outlook}{}% 27
\BOOKMARK [1][-]{section.7.1}{Improvements}{chapter.7}% 28
\BOOKMARK [1][-]{section.7.2}{Future Development}{chapter.7}% 29
\BOOKMARK [0][-]{appendix.A}{Sprint Plans}{}% 30
\BOOKMARK [0][-]{appendix.B}{Sprint Reflections}{}% 31
